2025-05-28 16:11:34,074 - __main__ - WARNING - 테스트 모드로 실행 중입니다. 실제 주문은 실행되지 않습니다.
2025-05-28 16:11:34,241 - __main__ - ERROR - 선물 계정 연결 실패: APIError(code=-2015): Invalid API-key, IP, or permissions for action, request ip: 125.176.238.81
2025-05-28 16:11:34,241 - __main__ - ERROR - 선물 매매 프로그램 초기화 중 오류 발생: APIError(code=-2015): Invalid API-key, IP, or permissions for action, request ip: 125.176.238.81
2025-05-28 16:12:40,852 - __main__ - WARNING - 테스트 모드로 실행 중입니다. 실제 주문은 실행되지 않습니다.
2025-05-28 16:12:41,019 - __main__ - INFO - 선물 계정 연결 성공
2025-05-28 16:12:41,019 - __main__ - INFO - 거래당 최대 금액 설정: 100 USDT
2025-05-28 16:12:41,019 - __main__ - INFO - 초기 자본금: 41.74809322 USDT
2025-05-28 16:12:41,019 - __main__ - INFO - 레버리지: 3배
2025-05-28 16:12:41,069 - __main__ - INFO - 레버리지 3배로 설정 완료
2025-05-28 16:12:41,117 - __main__ - INFO - 양방향 포지션 모드 설정 완료
2025-05-28 16:12:41,165 - __main__ - INFO - 격리 마진 모드 설정 완료
2025-05-28 16:12:41,287 - __main__ - INFO - 선물 API 키 권한 확인 완료
2025-05-28 16:12:41,288 - __main__ - INFO - BinanceFuturesAutoTrader 초기화 완료 - 심볼: BTCUSDT, 타임프레임: 4h
2025-05-28 16:12:41,288 - __main__ - INFO - 선물 자동 매매 시스템 시작 - 심볼: BTCUSDT, 레버리지: 3배
2025-05-28 16:12:41,288 - __main__ - INFO - 선물 매매 신호 확인 중... (2025-05-28 16:12:41.288264)
2025-05-28 16:12:41,344 - __main__ - INFO - 100개의 4h 선물 캔들 데이터를 가져왔습니다.
2025-05-28 16:12:41,439 - __main__ - INFO - 포지션 없음
2025-05-28 16:12:41,440 - __main__ - ERROR - 선물 포지션 상태 저장 중 오류: NOT NULL constraint failed: positions.position
2025-05-28 16:12:41,443 - __main__ - ERROR - 시장 데이터 저장 중 오류: Error binding parameter 1: type 'Timestamp' is not supported
2025-05-28 16:12:41,445 - __main__ - INFO - 현재 상태 - 롱: 0.000, 숏: 0.000, 가격: 108909.10
2025-05-28 16:14:25,621 - __main__ - INFO - 사용자에 의해 선물 매매 프로그램이 중단되었습니다.
2025-05-28 16:14:25,622 - __main__ - INFO - 선물 자동 매매 시스템 종료
2025-05-28 16:16:59,918 - __main__ - WARNING - 테스트 모드로 실행 중입니다. 실제 주문은 실행되지 않습니다.
2025-05-28 16:17:00,101 - __main__ - INFO - 선물 계정 연결 성공
2025-05-28 16:17:00,102 - __main__ - INFO - 거래당 최대 금액 설정: 2000 USDT
2025-05-28 16:17:00,102 - __main__ - INFO - 초기 자본금: 41.74809322 USDT
2025-05-28 16:17:00,102 - __main__ - INFO - 레버리지: 25배
2025-05-28 16:17:00,151 - __main__ - INFO - 레버리지 25배로 설정 완료
2025-05-28 16:17:00,199 - __main__ - INFO - 이미 양방향 포지션 모드로 설정되어 있습니다
2025-05-28 16:17:00,245 - __main__ - INFO - 이미 격리 마진 모드로 설정되어 있습니다
2025-05-28 16:17:00,415 - __main__ - INFO - 선물 API 키 권한 확인 완료
2025-05-28 16:17:00,415 - __main__ - INFO - BinanceFuturesAutoTrader 초기화 완료 - 심볼: BTCUSDT, 타임프레임: 4h
2025-05-28 16:17:00,416 - __main__ - INFO - 선물 자동 매매 시스템 시작 - 심볼: BTCUSDT, 레버리지: 25배
2025-05-28 16:17:00,416 - __main__ - INFO - 선물 매매 신호 확인 중... (2025-05-28 16:17:00.416157)
2025-05-28 16:17:00,490 - __main__ - INFO - 100개의 4h 선물 캔들 데이터를 가져왔습니다.
2025-05-28 16:17:00,601 - __main__ - INFO - 포지션 없음
2025-05-28 16:17:00,604 - __main__ - ERROR - 선물 포지션 상태 저장 중 오류: NOT NULL constraint failed: positions.position
2025-05-28 16:17:00,608 - __main__ - ERROR - 시장 데이터 저장 중 오류: Error binding parameter 1: type 'Timestamp' is not supported
2025-05-28 16:17:00,611 - __main__ - INFO - 현재 상태 - 롱: 0.000, 숏: 0.000, 가격: 108889.70
2025-05-28 16:22:00,724 - __main__ - INFO - 선물 매매 신호 확인 중... (2025-05-28 16:22:00.723701)
2025-05-28 16:22:00,821 - __main__ - INFO - 100개의 4h 선물 캔들 데이터를 가져왔습니다.
2025-05-28 16:22:00,913 - __main__ - INFO - 포지션 없음
2025-05-28 16:22:00,919 - __main__ - ERROR - 선물 포지션 상태 저장 중 오류: NOT NULL constraint failed: positions.position
2025-05-28 16:22:00,923 - __main__ - ERROR - 시장 데이터 저장 중 오류: Error binding parameter 1: type 'Timestamp' is not supported
2025-05-28 16:22:00,924 - __main__ - INFO - 현재 상태 - 롱: 0.000, 숏: 0.000, 가격: 108860.00
2025-05-28 16:27:01,038 - __main__ - INFO - 선물 매매 신호 확인 중... (2025-05-28 16:27:01.037765)
2025-05-28 16:27:01,125 - __main__ - INFO - 100개의 4h 선물 캔들 데이터를 가져왔습니다.
2025-05-28 16:27:01,219 - __main__ - INFO - 포지션 없음
2025-05-28 16:27:01,220 - __main__ - ERROR - 선물 포지션 상태 저장 중 오류: NOT NULL constraint failed: positions.position
2025-05-28 16:27:01,221 - __main__ - ERROR - 시장 데이터 저장 중 오류: Error binding parameter 1: type 'Timestamp' is not supported
2025-05-28 16:27:01,222 - __main__ - INFO - 현재 상태 - 롱: 0.000, 숏: 0.000, 가격: 108831.90
2025-05-28 16:32:01,327 - __main__ - INFO - 선물 매매 신호 확인 중... (2025-05-28 16:32:01.326644)
2025-05-28 16:32:01,418 - __main__ - INFO - 100개의 4h 선물 캔들 데이터를 가져왔습니다.
2025-05-28 16:32:01,506 - __main__ - INFO - 포지션 없음
2025-05-28 16:32:01,507 - __main__ - ERROR - 선물 포지션 상태 저장 중 오류: NOT NULL constraint failed: positions.position
2025-05-28 16:32:01,509 - __main__ - ERROR - 시장 데이터 저장 중 오류: Error binding parameter 1: type 'Timestamp' is not supported
2025-05-28 16:32:01,510 - __main__ - INFO - 현재 상태 - 롱: 0.000, 숏: 0.000, 가격: 108827.50
2025-05-28 16:33:48,741 - __main__ - INFO - 사용자에 의해 선물 매매 프로그램이 중단되었습니다.
2025-05-28 16:33:48,743 - __main__ - INFO - 선물 자동 매매 시스템 종료
2025-05-28 16:34:46,880 - __main__ - WARNING - 테스트 모드로 실행 중입니다. 실제 주문은 실행되지 않습니다.
2025-05-28 16:34:47,123 - __main__ - INFO - 선물 계정 연결 성공
2025-05-28 16:34:47,123 - __main__ - INFO - 거래당 최대 금액 설정: 2000 USDT
2025-05-28 16:34:47,123 - __main__ - INFO - 초기 자본금: 41.74809322 USDT
2025-05-28 16:34:47,123 - __main__ - INFO - 레버리지: 25배
2025-05-28 16:34:47,171 - __main__ - INFO - 레버리지 25배로 설정 완료
2025-05-28 16:34:47,218 - __main__ - INFO - 이미 양방향 포지션 모드로 설정되어 있습니다
2025-05-28 16:34:47,267 - __main__ - INFO - 이미 격리 마진 모드로 설정되어 있습니다
2025-05-28 16:34:47,386 - __main__ - INFO - 선물 API 키 권한 확인 완료
2025-05-28 16:34:47,386 - __main__ - INFO - BinanceFuturesAutoTrader 초기화 완료 - 심볼: BTCUSDT, 타임프레임: 4h
2025-05-28 16:34:47,386 - __main__ - INFO - 선물 자동 매매 시스템 시작 - 심볼: BTCUSDT, 레버리지: 25배
2025-05-28 16:34:47,386 - __main__ - INFO - 선물 매매 신호 확인 중... (2025-05-28 16:34:47.386818)
2025-05-28 16:34:47,440 - __main__ - INFO - 100개의 4h 선물 캔들 데이터를 가져왔습니다.
2025-05-28 16:34:47,533 - __main__ - INFO - 포지션 없음
2025-05-28 16:34:47,538 - __main__ - ERROR - 시장 데이터 저장 중 오류: Error binding parameter 1: type 'Timestamp' is not supported
2025-05-28 16:34:47,540 - __main__ - INFO - 현재 상태 - 롱: 0.000, 숏: 0.000, 가격: 108873.20
2025-05-28 16:35:30,693 - __main__ - WARNING - 테스트 모드로 실행 중입니다. 실제 주문은 실행되지 않습니다.
2025-05-28 16:35:30,850 - __main__ - INFO - 선물 계정 연결 성공
2025-05-28 16:35:30,850 - __main__ - INFO - 거래당 최대 금액 설정: 2000 USDT
2025-05-28 16:35:30,850 - __main__ - INFO - 초기 자본금: 41.74809322 USDT
2025-05-28 16:35:30,850 - __main__ - INFO - 레버리지: 25배
2025-05-28 16:35:30,896 - __main__ - INFO - 레버리지 25배로 설정 완료
2025-05-28 16:35:30,940 - __main__ - INFO - 이미 양방향 포지션 모드로 설정되어 있습니다
2025-05-28 16:35:30,985 - __main__ - INFO - 이미 격리 마진 모드로 설정되어 있습니다
2025-05-28 16:35:31,103 - __main__ - INFO - 선물 API 키 권한 확인 완료
2025-05-28 16:35:31,103 - __main__ - INFO - BinanceFuturesAutoTrader 초기화 완료 - 심볼: BTCUSDT, 타임프레임: 4h
2025-05-28 16:35:31,103 - __main__ - INFO - 선물 자동 매매 시스템 시작 - 심볼: BTCUSDT, 레버리지: 25배
2025-05-28 16:35:31,103 - __main__ - INFO - 선물 매매 신호 확인 중... (2025-05-28 16:35:31.103967)
2025-05-28 16:35:31,151 - __main__ - INFO - 100개의 4h 선물 캔들 데이터를 가져왔습니다.
2025-05-28 16:35:31,243 - __main__ - INFO - 포지션 없음
2025-05-28 16:35:31,246 - __main__ - ERROR - 시장 데이터 저장 중 오류: Error binding parameter 1: type 'Timestamp' is not supported
2025-05-28 16:35:31,247 - __main__ - INFO - 현재 상태 - 롱: 0.000, 숏: 0.000, 가격: 108873.30
2025-05-28 16:37:19,212 - __main__ - INFO - 사용자에 의해 선물 매매 프로그램이 중단되었습니다.
2025-05-28 16:37:19,214 - __main__ - INFO - 선물 자동 매매 시스템 종료
2025-05-28 16:39:33,426 - __main__ - WARNING - 테스트 모드로 실행 중입니다. 실제 주문은 실행되지 않습니다.
2025-05-28 16:39:33,590 - __main__ - INFO - 선물 계정 연결 성공
2025-05-28 16:39:33,591 - __main__ - INFO - 거래당 최대 금액 설정: 2000 USDT
2025-05-28 16:39:33,591 - __main__ - INFO - 초기 자본금: 10000 USDT
2025-05-28 16:39:33,591 - __main__ - INFO - 레버리지: 25배
2025-05-28 16:39:33,638 - __main__ - INFO - 레버리지 25배로 설정 완료
2025-05-28 16:39:33,686 - __main__ - INFO - 이미 양방향 포지션 모드로 설정되어 있습니다
2025-05-28 16:39:33,732 - __main__ - INFO - 이미 격리 마진 모드로 설정되어 있습니다
2025-05-28 16:39:33,847 - __main__ - INFO - 선물 API 키 권한 확인 완료
2025-05-28 16:39:33,848 - __main__ - INFO - BinanceFuturesAutoTrader 초기화 완료 - 심볼: BTCUSDT, 타임프레임: 4h
2025-05-28 16:39:33,848 - __main__ - INFO - 선물 자동 매매 시스템 시작 - 심볼: BTCUSDT, 레버리지: 25배
2025-05-28 16:39:33,848 - __main__ - INFO - 선물 매매 신호 확인 중... (2025-05-28 16:39:33.848244)
2025-05-28 16:39:33,902 - __main__ - INFO - 100개의 4h 선물 캔들 데이터를 가져왔습니다.
2025-05-28 16:39:33,991 - __main__ - INFO - 포지션 없음
2025-05-28 16:39:33,996 - __main__ - INFO - 현재 상태 - 롱: 0.000, 숏: 0.000, 가격: 108880.80
2025-05-28 16:41:01,775 - __main__ - INFO - 사용자에 의해 선물 매매 프로그램이 중단되었습니다.
2025-05-28 16:41:01,778 - __main__ - INFO - 선물 자동 매매 시스템 종료
2025-05-28 16:41:06,032 - __main__ - WARNING - 테스트 모드로 실행 중입니다. 실제 주문은 실행되지 않습니다.
2025-05-28 16:41:06,199 - __main__ - INFO - 선물 계정 연결 성공
2025-05-28 16:41:06,199 - __main__ - INFO - 거래당 최대 금액 설정: 2000 USDT
2025-05-28 16:41:06,199 - __main__ - INFO - 초기 자본금: 10000 USDT
2025-05-28 16:41:06,199 - __main__ - INFO - 레버리지: 25배
2025-05-28 16:41:06,243 - __main__ - INFO - 레버리지 25배로 설정 완료
2025-05-28 16:41:06,291 - __main__ - INFO - 이미 양방향 포지션 모드로 설정되어 있습니다
2025-05-28 16:41:06,336 - __main__ - INFO - 이미 격리 마진 모드로 설정되어 있습니다
2025-05-28 16:41:06,450 - __main__ - INFO - 선물 API 키 권한 확인 완료
2025-05-28 16:41:06,451 - __main__ - INFO - BinanceFuturesAutoTrader 초기화 완료 - 심볼: BTCUSDT, 타임프레임: 4h
2025-05-28 16:41:06,451 - __main__ - INFO - 선물 자동 매매 시스템 시작 - 심볼: BTCUSDT, 레버리지: 25배
2025-05-28 16:41:06,451 - __main__ - INFO - 선물 매매 신호 확인 중... (2025-05-28 16:41:06.451381)
2025-05-28 16:41:06,500 - __main__ - INFO - 100개의 4h 선물 캔들 데이터를 가져왔습니다.
2025-05-28 16:41:06,591 - __main__ - INFO - 포지션 없음
2025-05-28 16:41:06,596 - __main__ - INFO - 현재 상태 - 롱: 0.000, 숏: 0.000, 가격: 108871.10
2025-05-28 16:41:57,927 - __main__ - WARNING - 테스트 모드로 실행 중입니다. 실제 주문은 실행되지 않습니다.
2025-05-28 16:41:58,087 - __main__ - INFO - 선물 계정 연결 성공
2025-05-28 16:41:58,087 - __main__ - INFO - 거래당 최대 금액 설정: 2000 USDT
2025-05-28 16:41:58,087 - __main__ - INFO - 초기 자본금: 10000 USDT
2025-05-28 16:41:58,087 - __main__ - INFO - 레버리지: 25배
2025-05-28 16:41:58,136 - __main__ - INFO - 레버리지 25배로 설정 완료
2025-05-28 16:41:58,183 - __main__ - INFO - 이미 양방향 포지션 모드로 설정되어 있습니다
2025-05-28 16:41:58,235 - __main__ - INFO - 이미 격리 마진 모드로 설정되어 있습니다
2025-05-28 16:41:58,352 - __main__ - INFO - 선물 API 키 권한 확인 완료
2025-05-28 16:41:58,352 - __main__ - INFO - BinanceFuturesAutoTrader 초기화 완료 - 심볼: BTCUSDT, 타임프레임: 4h
2025-05-28 16:41:58,353 - __main__ - INFO - 선물 자동 매매 시스템 시작 - 심볼: BTCUSDT, 레버리지: 25배
2025-05-28 16:41:58,353 - __main__ - INFO - 선물 매매 신호 확인 중... (2025-05-28 16:41:58.353138)
2025-05-28 16:41:58,402 - __main__ - INFO - 100개의 4h 선물 캔들 데이터를 가져왔습니다.
2025-05-28 16:41:58,491 - __main__ - INFO - 포지션 없음
2025-05-28 16:41:58,497 - __main__ - INFO - 현재 상태 - 롱: 0.000, 숏: 0.000, 가격: 108900.00
2025-05-28 17:19:32,918 - __main__ - WARNING - 테스트 모드로 실행 중입니다. 실제 주문은 실행되지 않습니다.
2025-05-28 17:19:33,079 - __main__ - INFO - 선물 계정 연결 성공
2025-05-28 17:19:33,080 - __main__ - INFO - 거래당 최대 금액 설정: 2000 USDT
2025-05-28 17:19:33,080 - __main__ - INFO - 초기 자본금: 10000 USDT
2025-05-28 17:19:33,080 - __main__ - INFO - 레버리지: 25배
2025-05-28 17:19:33,130 - __main__ - INFO - 레버리지 25배로 설정 완료
2025-05-28 17:19:33,176 - __main__ - INFO - 이미 양방향 포지션 모드로 설정되어 있습니다
2025-05-28 17:19:33,221 - __main__ - INFO - 이미 격리 마진 모드로 설정되어 있습니다
2025-05-28 17:19:33,339 - __main__ - INFO - 선물 API 키 권한 확인 완료
2025-05-28 17:19:33,340 - __main__ - INFO - BinanceFuturesAutoTrader 초기화 완료 - 심볼: BTCUSDT, 타임프레임: 4h
2025-05-28 17:19:33,340 - __main__ - INFO - 선물 자동 매매 시스템 시작 - 심볼: BTCUSDT, 레버리지: 25배
2025-05-28 17:19:33,340 - __main__ - INFO - 선물 매매 신호 확인 중... (2025-05-28 17:19:33.340520)
2025-05-28 17:19:33,396 - __main__ - INFO - 100개의 4h 선물 캔들 데이터를 가져왔습니다.
2025-05-28 17:19:33,487 - __main__ - INFO - 포지션 없음
2025-05-28 17:19:33,495 - __main__ - INFO - 현재 상태 - 롱: 0.000, 숏: 0.000, 가격: 108699.10
2025-05-28 17:21:14,813 - __main__ - INFO - 사용자에 의해 선물 매매 프로그램이 중단되었습니다.
2025-05-28 17:21:14,815 - __main__ - INFO - 선물 자동 매매 시스템 종료
2025-05-28 17:22:58,262 - __main__ - WARNING - 테스트 모드로 실행 중입니다. 실제 주문은 실행되지 않습니다.
2025-05-28 17:22:58,448 - __main__ - INFO - 선물 계정 연결 성공
2025-05-28 17:22:58,449 - __main__ - INFO - 거래당 최대 금액 설정: 2000 USDT
2025-05-28 17:22:58,449 - __main__ - INFO - 초기 자본금: 10000 USDT
2025-05-28 17:22:58,449 - __main__ - INFO - 레버리지: 25배
2025-05-28 17:22:58,496 - __main__ - INFO - 레버리지 25배로 설정 완료
2025-05-28 17:22:58,544 - __main__ - INFO - 이미 양방향 포지션 모드로 설정되어 있습니다
2025-05-28 17:22:58,590 - __main__ - INFO - 이미 격리 마진 모드로 설정되어 있습니다
2025-05-28 17:22:58,719 - __main__ - INFO - 선물 API 키 권한 확인 완료
2025-05-28 17:22:58,720 - __main__ - INFO - BinanceFuturesAutoTrader 초기화 완료 - 심볼: BTCUSDT, 타임프레임: 4h
2025-05-28 17:22:58,720 - __main__ - INFO - 선물 자동 매매 시스템 시작 - 심볼: BTCUSDT, 레버리지: 25배
2025-05-28 17:22:58,720 - __main__ - INFO - 선물 매매 신호 확인 중... (2025-05-28 17:22:58.720656)
2025-05-28 17:22:58,780 - __main__ - INFO - 100개의 4h 선물 캔들 데이터를 가져왔습니다.
2025-05-28 17:22:58,868 - __main__ - INFO - 포지션 없음
2025-05-28 17:22:58,875 - __main__ - INFO - 현재 상태 - 롱: 0.000, 숏: 0.000, 가격: 108783.80
2025-05-28 17:23:02,520 - __main__ - INFO - 사용자에 의해 선물 매매 프로그램이 중단되었습니다.
2025-05-28 17:23:02,520 - __main__ - INFO - 선물 자동 매매 시스템 종료
